2025-04-30 20:04:58.642 [info] (Client) Pylance async client (2025.4.1) started with python extension (2025.4.0)
2025-04-30 20:04:59.158 [info] [Info  - 8:04:59 PM] (947183) Server root directory: file:///root/.vscode/extensions/ms-python.vscode-pylance-2025.4.1/dist
2025-04-30 20:04:59.158 [info] [Info  - 8:04:59 PM] (947183) Pylance language server 2025.4.1 (pyright version 1.1.398, commit 4f24eccc) starting
2025-04-30 20:04:59.158 [info] [Info  - 8:04:59 PM] (947183) Starting service instance "arm" for workspace "/pvc/isaac-sim/IsaacLab/scripts/zi/arm"
2025-04-30 20:04:59.195 [info] [Info  - 8:04:59 PM] (947183) Setting environmentName for service "arm": "3.10.12 (global)"
2025-04-30 20:04:59.195 [info] [Info  - 8:04:59 PM] (947183) Setting pythonPath for service "arm": "/usr/bin/python3"
2025-04-30 20:04:59.196 [info] [Info  - 8:04:59 PM] (947183) No include entries specified; assuming /pvc/isaac-sim/IsaacLab/scripts/zi/arm
2025-04-30 20:04:59.196 [info] [Info  - 8:04:59 PM] (947183) Auto-excluding **/node_modules
2025-04-30 20:04:59.196 [info] [Info  - 8:04:59 PM] (947183) Auto-excluding **/__pycache__
2025-04-30 20:04:59.196 [info] [Info  - 8:04:59 PM] (947183) Auto-excluding **/.*
2025-04-30 20:04:59.221 [info] [Info  - 8:04:59 PM] (947183) Assuming Python version 3.10.12.final.0
2025-04-30 20:04:59.284 [info] [Info  - 8:04:59 PM] (947183) Found 1 source file
2025-04-30 20:04:59.303 [info] [Info  - 8:04:59 PM] (947183) Setting environmentName for service "arm": "3.10.12 (global)"
2025-04-30 20:04:59.303 [info] [Info  - 8:04:59 PM] (947183) Setting pythonPath for service "arm": "/usr/bin/python3"
2025-04-30 20:04:59.303 [info] [Info  - 8:04:59 PM] (947183) No include entries specified; assuming /pvc/isaac-sim/IsaacLab/scripts/zi/arm
2025-04-30 20:04:59.303 [info] [Info  - 8:04:59 PM] (947183) Auto-excluding **/node_modules
2025-04-30 20:04:59.303 [info] [Info  - 8:04:59 PM] (947183) Auto-excluding **/__pycache__
2025-04-30 20:04:59.303 [info] [Info  - 8:04:59 PM] (947183) Auto-excluding **/.*
2025-04-30 20:04:59.321 [info] [Info  - 8:04:59 PM] (947183) Assuming Python version 3.10.12.final.0
2025-04-30 20:04:59.362 [info] [Info  - 8:04:59 PM] (947183) Found 1 source file
2025-04-30 20:04:59.801 [info] [Info  - 8:04:59 PM] (947183) BG: Priority queue background worker(2) root directory: file:///root/.vscode/extensions/ms-python.vscode-pylance-2025.4.1/dist
2025-04-30 20:04:59.802 [info] [Info  - 8:04:59 PM] (947183) BG: Priority queue background worker(2) started
2025-04-30 20:04:59.912 [info] [Info  - 8:04:59 PM] (947183) BG: Indexer background runner(3) root directory: file:///root/.vscode/extensions/ms-python.vscode-pylance-2025.4.1/dist (index)
2025-04-30 20:04:59.912 [info] [Info  - 8:04:59 PM] (947183) BG: Indexing(3) started
2025-04-30 20:05:00.337 [info] [Info  - 8:05:00 PM] (947183) BG: scanned(3) 66 files over 1 exec env
2025-04-30 20:05:01.133 [info] [Info  - 8:05:01 PM] (947183) BG: indexed(3) 66 files over 1 exec env
2025-04-30 20:05:01.158 [info] [Info  - 8:05:01 PM] (947183) BG: Indexing finished(3).
