2025-04-30 19:59:05.330 [info] [main] Log level: Info
2025-04-30 19:59:05.330 [info] [main] Validating found git in: "git"
2025-04-30 19:59:05.330 [info] [main] Using git "2.34.1" from "git"
2025-04-30 19:59:05.330 [info] [Model][doInitialScan] Initial repository scan started
2025-04-30 19:59:05.330 [info] [Model][doInitialScan] Initial repository scan completed - repositories (0), closed repositories (0), parent repositories (0), unsafe repositories (0)
2025-04-30 19:59:44.602 [info] [main] Log level: Info
2025-04-30 19:59:44.602 [info] [main] Validating found git in: "git"
2025-04-30 19:59:44.602 [info] [main] Using git "2.34.1" from "git"
2025-04-30 19:59:44.602 [info] [Model][doInitialScan] Initial repository scan started
2025-04-30 19:59:44.718 [info] > git rev-parse --show-toplevel [121ms]
2025-04-30 19:59:44.724 [info] > git rev-parse --show-toplevel [1ms]
2025-04-30 19:59:44.727 [info] [Model][doInitialScan] Initial repository scan completed - repositories (0), closed repositories (0), parent repositories (1), unsafe repositories (0)
2025-04-30 19:59:44.738 [info] > git rev-parse --show-toplevel [1ms]
2025-04-30 19:59:45.195 [info] > git rev-parse --show-toplevel [2ms]
2025-04-30 19:59:54.885 [info] > git rev-parse --show-toplevel [1ms]
2025-04-30 20:00:02.274 [info] > git rev-parse --show-toplevel [1ms]
2025-04-30 20:00:38.908 [info] > git rev-parse --show-toplevel [18ms]
2025-04-30 20:04:56.835 [info] > git rev-parse --show-toplevel [1ms]
2025-04-30 20:04:56.921 [info] > git rev-parse --show-toplevel [1ms]
2025-04-30 20:05:37.329 [info] > git rev-parse --show-toplevel [2ms]
