2025-04-30 19:59:04.953 [info] Extension host with pid 945327 started
2025-04-30 19:59:05.077 [info] ExtensionService#_doActivateExtension vscode.github-authentication, startup: false, activationEvent: 'onAuthenticationRequest:github'
2025-04-30 19:59:05.154 [info] ExtensionService#_doActivateExtension vscode.git-base, startup: true, activationEvent: '*', root cause: vscode.git
2025-04-30 19:59:05.173 [info] ExtensionService#_doActivateExtension vscode.git, startup: true, activationEvent: '*'
2025-04-30 19:59:05.209 [info] ExtensionService#_doActivateExtension vscode.github, startup: true, activationEvent: '*'
2025-04-30 19:59:05.280 [info] Eager extensions activated
2025-04-30 19:59:05.285 [info] ExtensionService#_doActivateExtension vscode.debug-auto-launch, startup: false, activationEvent: 'onStartupFinished'
2025-04-30 19:59:05.287 [info] ExtensionService#_doActivateExtension vscode.merge-conflict, startup: false, activationEvent: 'onStartupFinished'
2025-04-30 19:59:42.301 [info] Extension host terminating: renderer closed the MessagePort
2025-04-30 19:59:42.309 [info] Extension host with pid 945327 exiting with code 0
2025-04-30 19:59:43.233 [info] Extension host with pid 945574 started
2025-04-30 19:59:43.233 [info] Skipping acquiring lock for /pvc/isaac-sim/IsaacLab/scripts/zi/arm/~/.vscode-root/User/workspaceStorage/b361a7d6f69f6172b9f7aa49225add0c.
2025-04-30 19:59:43.328 [info] ExtensionService#_doActivateExtension vscode.github-authentication, startup: false, activationEvent: 'onAuthenticationRequest:github'
2025-04-30 19:59:43.364 [info] ExtensionService#_doActivateExtension vscode.git-base, startup: true, activationEvent: '*'
2025-04-30 19:59:43.367 [info] ExtensionService#_doActivateExtension vscode.github, startup: true, activationEvent: '*'
2025-04-30 19:59:43.395 [info] Eager extensions activated
2025-04-30 19:59:43.397 [info] ExtensionService#_doActivateExtension vscode.debug-auto-launch, startup: false, activationEvent: 'onStartupFinished'
2025-04-30 19:59:43.399 [info] ExtensionService#_doActivateExtension vscode.merge-conflict, startup: false, activationEvent: 'onStartupFinished'
2025-04-30 19:59:44.517 [info] ExtensionService#_doActivateExtension vscode.git, startup: false, activationEvent: 'api', root cause: vscode.github
2025-04-30 19:59:54.936 [info] ExtensionService#_doActivateExtension vscode.emmet, startup: false, activationEvent: 'onLanguage'
2025-04-30 20:00:38.778 [info] ExtensionService#_doActivateExtension vscode.configuration-editing, startup: false, activationEvent: 'onLanguage:jsonc'
2025-04-30 20:00:38.785 [info] ExtensionService#_doActivateExtension vscode.json-language-features, startup: false, activationEvent: 'onLanguage:jsonc'
2025-04-30 20:00:38.826 [info] ExtensionService#_doActivateExtension vscode.typescript-language-features, startup: false, activationEvent: 'onLanguage:jsonc'
2025-04-30 20:04:57.021 [info] ExtensionService#_doActivateExtension ms-python.python, startup: false, activationEvent: 'onLanguage:python', root cause: ms-python.debugpy
2025-04-30 20:04:57.454 [info] ExtensionService#_doActivateExtension ms-python.debugpy, startup: false, activationEvent: 'onLanguage:python'
2025-04-30 20:04:57.490 [info] ExtensionService#_doActivateExtension ms-python.vscode-pylance, startup: false, activationEvent: 'onLanguage:python'
